<?xml version="1.0" encoding="UTF-8"?>
<testsuite name="PasanTest" tests="1" skipped="0" failures="0" errors="0" timestamp="2020-11-18T18:41:28" hostname="ARG-20479-N" time="0.356">
  <properties/>
  <testcase name="autopistaCamiones" classname="PasanTest" time="0.356"/>
  <system-out><![CDATA[]]></system-out>
  <system-err><![CDATA[]]></system-err>
</testsuite>
